e:\programming\visualstudioprojects\keyhunt-cuda\keyhunt-cuda\x64\debug\vc142.pdb
e:\programming\visualstudioprojects\keyhunt-cuda\keyhunt-cuda\x64\debug\vc142.idb
e:\programming\visualstudioprojects\keyhunt-cuda\keyhunt-cuda\x64\debug\timer.obj
e:\programming\visualstudioprojects\keyhunt-cuda\keyhunt-cuda\x64\debug\secp256k1.obj
e:\programming\visualstudioprojects\keyhunt-cuda\keyhunt-cuda\x64\debug\random.obj
e:\programming\visualstudioprojects\keyhunt-cuda\keyhunt-cuda\x64\debug\point.obj
e:\programming\visualstudioprojects\keyhunt-cuda\keyhunt-cuda\x64\debug\main.obj
e:\programming\visualstudioprojects\keyhunt-cuda\keyhunt-cuda\x64\debug\keyhunt.obj
e:\programming\visualstudioprojects\keyhunt-cuda\keyhunt-cuda\x64\debug\intmod.obj
e:\programming\visualstudioprojects\keyhunt-cuda\keyhunt-cuda\x64\debug\intgroup.obj
e:\programming\visualstudioprojects\keyhunt-cuda\keyhunt-cuda\x64\debug\int.obj
e:\programming\visualstudioprojects\keyhunt-cuda\keyhunt-cuda\x64\debug\sha512.obj
e:\programming\visualstudioprojects\keyhunt-cuda\keyhunt-cuda\x64\debug\sha256_sse.obj
e:\programming\visualstudioprojects\keyhunt-cuda\keyhunt-cuda\x64\debug\sha256.obj
e:\programming\visualstudioprojects\keyhunt-cuda\keyhunt-cuda\x64\debug\ripemd160_sse.obj
e:\programming\visualstudioprojects\keyhunt-cuda\keyhunt-cuda\x64\debug\ripemd160.obj
e:\programming\visualstudioprojects\keyhunt-cuda\keyhunt-cuda\x64\debug\gpugenerate.obj
e:\programming\visualstudioprojects\keyhunt-cuda\keyhunt-cuda\x64\debug\bloom.obj
e:\programming\visualstudioprojects\keyhunt-cuda\keyhunt-cuda\x64\debug\bech32.obj
e:\programming\visualstudioprojects\keyhunt-cuda\keyhunt-cuda\x64\debug\base58.obj
e:\programming\visualstudioprojects\keyhunt-cuda\x64\debug\keyhunt-cuda.lib
e:\programming\visualstudioprojects\keyhunt-cuda\x64\debug\keyhunt-cuda.exp
e:\programming\visualstudioprojects\keyhunt-cuda\x64\debug\keyhunt-cuda.ilk
e:\programming\visualstudioprojects\keyhunt-cuda\x64\debug\keyhunt-cuda.exe
e:\programming\visualstudioprojects\keyhunt-cuda\x64\debug\keyhunt-cuda.pdb
e:\programming\visualstudioprojects\keyhunt-cuda\keyhunt-cuda\x64\debug\gpuengine.cu.cache
e:\programming\visualstudioprojects\keyhunt-cuda\keyhunt-cuda\x64\debug\gpuengine.cu.obj
e:\programming\visualstudioprojects\keyhunt-cuda\keyhunt-cuda\x64\debug\keyhunt-cuda.tlog\cl.command.1.tlog
e:\programming\visualstudioprojects\keyhunt-cuda\keyhunt-cuda\x64\debug\keyhunt-cuda.tlog\cl.read.1.tlog
e:\programming\visualstudioprojects\keyhunt-cuda\keyhunt-cuda\x64\debug\keyhunt-cuda.tlog\cl.write.1.tlog
e:\programming\visualstudioprojects\keyhunt-cuda\keyhunt-cuda\x64\debug\keyhunt-cuda.tlog\keyhunt-cuda.write.1u.tlog
e:\programming\visualstudioprojects\keyhunt-cuda\keyhunt-cuda\x64\debug\keyhunt-cuda.tlog\link.command.1.tlog
e:\programming\visualstudioprojects\keyhunt-cuda\keyhunt-cuda\x64\debug\keyhunt-cuda.tlog\link.read.1.tlog
e:\programming\visualstudioprojects\keyhunt-cuda\keyhunt-cuda\x64\debug\keyhunt-cuda.tlog\link.write.1.tlog
