C:\Program Files (x86)\Microsoft Visual Studio\2019\Community\MSBuild\Microsoft\VC\v160\Platforms\x64\ImportBefore\Default\vcpkg.system.props(7,3): warning MSB4011: "C:\Users\kanha\AppData\Local\vcpkg\vcpkg.user.props" cannot be imported again. It was already imported at "C:\Program Files (x86)\Microsoft Visual Studio\2019\Community\MSBuild\Current\Imports\Microsoft.Common.props\ImportBefore\vcpkg.system.props (7,3)". This is most likely a build authoring error. This subsequent import will be ignored. [E:\PROGRAMMING\VisualStudioProjects\KeyHunt-Cuda\KeyHunt-Cuda\KeyHunt-Cuda.vcxproj]
C:\Program Files (x86)\Microsoft Visual Studio\2019\Community\MSBuild\Microsoft\VC\v160\Platforms\x64\ImportBefore\Default\vcpkg.system.props(8,3): warning MSB4011: "C:\Users\kanha\AppData\Local\vcpkg\vcpkg.user.targets" cannot be imported again. It was already imported at "C:\Program Files (x86)\Microsoft Visual Studio\2019\Community\MSBuild\Current\Imports\Microsoft.Common.props\ImportBefore\vcpkg.system.props (8,3)". This is most likely a build authoring error. This subsequent import will be ignored. [E:\PROGRAMMING\VisualStudioProjects\KeyHunt-Cuda\KeyHunt-Cuda\KeyHunt-Cuda.vcxproj]
C:\Program Files (x86)\Microsoft Visual Studio\2019\Community\MSBuild\Microsoft\VC\v160\Platforms\x64\ImportBefore\vcpkg.system.props(7,3): warning MSB4011: "C:\Users\kanha\AppData\Local\vcpkg\vcpkg.user.props" cannot be imported again. It was already imported at "C:\Program Files (x86)\Microsoft Visual Studio\2019\Community\MSBuild\Current\Imports\Microsoft.Common.props\ImportBefore\vcpkg.system.props (7,3)". This is most likely a build authoring error. This subsequent import will be ignored. [E:\PROGRAMMING\VisualStudioProjects\KeyHunt-Cuda\KeyHunt-Cuda\KeyHunt-Cuda.vcxproj]
C:\Program Files (x86)\Microsoft Visual Studio\2019\Community\MSBuild\Microsoft\VC\v160\Platforms\x64\ImportBefore\vcpkg.system.props(8,3): warning MSB4011: "C:\Users\kanha\AppData\Local\vcpkg\vcpkg.user.targets" cannot be imported again. It was already imported at "C:\Program Files (x86)\Microsoft Visual Studio\2019\Community\MSBuild\Current\Imports\Microsoft.Common.props\ImportBefore\vcpkg.system.props (8,3)". This is most likely a build authoring error. This subsequent import will be ignored. [E:\PROGRAMMING\VisualStudioProjects\KeyHunt-Cuda\KeyHunt-Cuda\KeyHunt-Cuda.vcxproj]
C:\Program Files (x86)\Microsoft Visual Studio\2019\Community\MSBuild\Microsoft\VC\v160\Microsoft.Cpp.Common.props(263,3): warning MSB4011: "C:\Users\kanha\AppData\Local\vcpkg\vcpkg.user.props" cannot be imported again. It was already imported at "C:\Program Files (x86)\Microsoft Visual Studio\2019\Community\MSBuild\Current\Imports\Microsoft.Common.props\ImportBefore\vcpkg.system.props (7,3)". This is most likely a build authoring error. This subsequent import will be ignored. [E:\PROGRAMMING\VisualStudioProjects\KeyHunt-Cuda\KeyHunt-Cuda\KeyHunt-Cuda.vcxproj]
C:\Program Files (x86)\Microsoft Visual Studio\2019\Community\MSBuild\Microsoft\VC\v160\Microsoft.CppCommon.targets(2486,3): warning MSB4011: "C:\Users\kanha\AppData\Local\vcpkg\vcpkg.user.targets" cannot be imported again. It was already imported at "C:\Program Files (x86)\Microsoft Visual Studio\2019\Community\MSBuild\Current\Imports\Microsoft.Common.props\ImportBefore\vcpkg.system.props (8,3)". This is most likely a build authoring error. This subsequent import will be ignored. [E:\PROGRAMMING\VisualStudioProjects\KeyHunt-Cuda\KeyHunt-Cuda\KeyHunt-Cuda.vcxproj]
  
  E:\PROGRAMMING\VisualStudioProjects\KeyHunt-Cuda\KeyHunt-Cuda>"C:\Program Files\NVIDIA GPU Computing Toolkit\CUDA\v10.0\bin\nvcc.exe" -ccbin "C:\Program Files (x86)\Microsoft Visual Studio\2019\Community\VC\Tools\MSVC\14.28.29333\bin\HostX86\x64" -x cu  -I"G:\vcpkg\scripts\buildsystems\msbuild\..\..\..\installed\x64-windows\include" -I"C:\Program Files\NVIDIA GPU Computing Toolkit\CUDA\v10.0\include" -I"C:\Program Files\NVIDIA GPU Computing Toolkit\CUDA\v10.0\include"     --keep-dir x64\Release -maxrregcount=0  --machine 64 --compile      -DWIN32 -DWIN64 -DNDEBUG -D_CONSOLE -DWITHGPU -D_CRT_SECURE_NO_WARNINGS -D_MBCS -Xcompiler "/EHsc /W3 /nologo /O2   /Zi  /MD " -o x64\Release\GPUEngine.cu.obj "E:\PROGRAMMING\VisualStudioProjects\KeyHunt-Cuda\KeyHunt-Cuda\GPU\GPUEngine.cu" -clean 
  GPUEngine.cu
C:\Program Files (x86)\Microsoft Visual Studio\2019\Community\MSBuild\Microsoft\VC\v160\Platforms\x64\ImportBefore\Default\vcpkg.system.props(7,3): warning MSB4011: "C:\Users\kanha\AppData\Local\vcpkg\vcpkg.user.props" cannot be imported again. It was already imported at "C:\Program Files (x86)\Microsoft Visual Studio\2019\Community\MSBuild\Current\Imports\Microsoft.Common.props\ImportBefore\vcpkg.system.props (7,3)". This is most likely a build authoring error. This subsequent import will be ignored. [E:\PROGRAMMING\VisualStudioProjects\KeyHunt-Cuda\KeyHunt-Cuda\KeyHunt-Cuda.vcxproj]
C:\Program Files (x86)\Microsoft Visual Studio\2019\Community\MSBuild\Microsoft\VC\v160\Platforms\x64\ImportBefore\Default\vcpkg.system.props(8,3): warning MSB4011: "C:\Users\kanha\AppData\Local\vcpkg\vcpkg.user.targets" cannot be imported again. It was already imported at "C:\Program Files (x86)\Microsoft Visual Studio\2019\Community\MSBuild\Current\Imports\Microsoft.Common.props\ImportBefore\vcpkg.system.props (8,3)". This is most likely a build authoring error. This subsequent import will be ignored. [E:\PROGRAMMING\VisualStudioProjects\KeyHunt-Cuda\KeyHunt-Cuda\KeyHunt-Cuda.vcxproj]
C:\Program Files (x86)\Microsoft Visual Studio\2019\Community\MSBuild\Microsoft\VC\v160\Platforms\x64\ImportBefore\vcpkg.system.props(7,3): warning MSB4011: "C:\Users\kanha\AppData\Local\vcpkg\vcpkg.user.props" cannot be imported again. It was already imported at "C:\Program Files (x86)\Microsoft Visual Studio\2019\Community\MSBuild\Current\Imports\Microsoft.Common.props\ImportBefore\vcpkg.system.props (7,3)". This is most likely a build authoring error. This subsequent import will be ignored. [E:\PROGRAMMING\VisualStudioProjects\KeyHunt-Cuda\KeyHunt-Cuda\KeyHunt-Cuda.vcxproj]
C:\Program Files (x86)\Microsoft Visual Studio\2019\Community\MSBuild\Microsoft\VC\v160\Platforms\x64\ImportBefore\vcpkg.system.props(8,3): warning MSB4011: "C:\Users\kanha\AppData\Local\vcpkg\vcpkg.user.targets" cannot be imported again. It was already imported at "C:\Program Files (x86)\Microsoft Visual Studio\2019\Community\MSBuild\Current\Imports\Microsoft.Common.props\ImportBefore\vcpkg.system.props (8,3)". This is most likely a build authoring error. This subsequent import will be ignored. [E:\PROGRAMMING\VisualStudioProjects\KeyHunt-Cuda\KeyHunt-Cuda\KeyHunt-Cuda.vcxproj]
C:\Program Files (x86)\Microsoft Visual Studio\2019\Community\MSBuild\Microsoft\VC\v160\Microsoft.Cpp.Common.props(263,3): warning MSB4011: "C:\Users\kanha\AppData\Local\vcpkg\vcpkg.user.props" cannot be imported again. It was already imported at "C:\Program Files (x86)\Microsoft Visual Studio\2019\Community\MSBuild\Current\Imports\Microsoft.Common.props\ImportBefore\vcpkg.system.props (7,3)". This is most likely a build authoring error. This subsequent import will be ignored. [E:\PROGRAMMING\VisualStudioProjects\KeyHunt-Cuda\KeyHunt-Cuda\KeyHunt-Cuda.vcxproj]
C:\Program Files (x86)\Microsoft Visual Studio\2019\Community\MSBuild\Microsoft\VC\v160\Microsoft.CppCommon.targets(2486,3): warning MSB4011: "C:\Users\kanha\AppData\Local\vcpkg\vcpkg.user.targets" cannot be imported again. It was already imported at "C:\Program Files (x86)\Microsoft Visual Studio\2019\Community\MSBuild\Current\Imports\Microsoft.Common.props\ImportBefore\vcpkg.system.props (8,3)". This is most likely a build authoring error. This subsequent import will be ignored. [E:\PROGRAMMING\VisualStudioProjects\KeyHunt-Cuda\KeyHunt-Cuda\KeyHunt-Cuda.vcxproj]
  Compiling CUDA source file GPU\GPUEngine.cu...
  
  E:\PROGRAMMING\VisualStudioProjects\KeyHunt-Cuda\KeyHunt-Cuda>"C:\Program Files\NVIDIA GPU Computing Toolkit\CUDA\v10.0\bin\nvcc.exe" -gencode=arch=compute_35,code=\"sm_35,compute_35\" --use-local-env -ccbin "C:\Program Files (x86)\Microsoft Visual Studio\2019\Community\VC\Tools\MSVC\14.28.29333\bin\HostX86\x64" -x cu  -I"G:\vcpkg\scripts\buildsystems\msbuild\..\..\..\installed\x64-windows\include" -I"C:\Program Files\NVIDIA GPU Computing Toolkit\CUDA\v10.0\include" -I"C:\Program Files\NVIDIA GPU Computing Toolkit\CUDA\v10.0\include"     --keep-dir x64\Release -maxrregcount=0  --machine 64 --compile -cudart static     -DWIN32 -DWIN64 -DNDEBUG -D_CONSOLE -DWITHGPU -D_CRT_SECURE_NO_WARNINGS -D_MBCS -Xcompiler "/EHsc /W3 /nologo /O2 /Fdx64\Release\vc142.pdb  /Zi  /MD " -o x64\Release\GPUEngine.cu.obj "E:\PROGRAMMING\VisualStudioProjects\KeyHunt-Cuda\KeyHunt-Cuda\GPU\GPUEngine.cu" 
E:\PROGRAMMING\VisualStudioProjects\KeyHunt-Cuda\KeyHunt-Cuda\GPU\GPUCompute.h(91): warning : variable "tid" was declared but never referenced
  GPUEngine.cu
  device_functions.h is an internal header file and must not be used directly.  This file will be removed in a future CUDA release.  Please use cuda_runtime_api.h or cuda_runtime.h instead.
E:/PROGRAMMING/VisualStudioProjects/KeyHunt-Cuda/KeyHunt-Cuda/GPU/GPUEngine.cu(267): warning C4244: 'argument': conversion from 'uint64_t' to 'int', possible loss of data
E:/PROGRAMMING/VisualStudioProjects/KeyHunt-Cuda/KeyHunt-Cuda/GPU/GPUEngine.cu(271): warning C4244: 'argument': conversion from 'uint64_t' to 'int', possible loss of data
cl : command line warning D9002: ignoring unknown option '/arch:SSE'
  Base58.cpp
  Bech32.cpp
  Bloom.cpp
E:\PROGRAMMING\VisualStudioProjects\KeyHunt-Cuda\KeyHunt-Cuda\Bloom.cpp(81,21): warning C4244: 'initializing': conversion from 'unsigned __int64' to 'unsigned int', possible loss of data
  GPUGenerate.cpp
  ripemd160.cpp
  ripemd160_sse.cpp
  sha256.cpp
  sha256_sse.cpp
  sha512.cpp
  Int.cpp
  IntGroup.cpp
  IntMod.cpp
  KeyHunt.cpp
E:\PROGRAMMING\VisualStudioProjects\KeyHunt-Cuda\KeyHunt-Cuda\KeyHunt.cpp(1088,15): warning C4244: 'argument': conversion from 'double' to 'int', possible loss of data
  Main.cpp
  Point.cpp
  Random.cpp
  SECP256K1.cpp
  Timer.cpp
     Creating library E:\PROGRAMMING\VisualStudioProjects\KeyHunt-Cuda\x64\Release\KeyHunt-Cuda.lib and object E:\PROGRAMMING\VisualStudioProjects\KeyHunt-Cuda\x64\Release\KeyHunt-Cuda.exp
  Generating code
  Previous IPDB not found, fall back to full compilation.
  All 895 functions were compiled because no usable IPDB/IOBJ from previous compilation was found.
  Finished generating code
  KeyHunt-Cuda.vcxproj -> E:\PROGRAMMING\VisualStudioProjects\KeyHunt-Cuda\x64\Release\KeyHunt-Cuda.exe
