e:\programming\visualstudioprojects\keyhunt-cuda\keyhunt-cuda\x64\release\vc142.pdb
e:\programming\visualstudioprojects\keyhunt-cuda\keyhunt-cuda\x64\release\timer.obj
e:\programming\visualstudioprojects\keyhunt-cuda\keyhunt-cuda\x64\release\secp256k1.obj
e:\programming\visualstudioprojects\keyhunt-cuda\keyhunt-cuda\x64\release\random.obj
e:\programming\visualstudioprojects\keyhunt-cuda\keyhunt-cuda\x64\release\point.obj
e:\programming\visualstudioprojects\keyhunt-cuda\keyhunt-cuda\x64\release\main.obj
e:\programming\visualstudioprojects\keyhunt-cuda\keyhunt-cuda\x64\release\keyhunt.obj
e:\programming\visualstudioprojects\keyhunt-cuda\keyhunt-cuda\x64\release\intmod.obj
e:\programming\visualstudioprojects\keyhunt-cuda\keyhunt-cuda\x64\release\intgroup.obj
e:\programming\visualstudioprojects\keyhunt-cuda\keyhunt-cuda\x64\release\int.obj
e:\programming\visualstudioprojects\keyhunt-cuda\keyhunt-cuda\x64\release\sha512.obj
e:\programming\visualstudioprojects\keyhunt-cuda\keyhunt-cuda\x64\release\sha256_sse.obj
e:\programming\visualstudioprojects\keyhunt-cuda\keyhunt-cuda\x64\release\sha256.obj
e:\programming\visualstudioprojects\keyhunt-cuda\keyhunt-cuda\x64\release\ripemd160_sse.obj
e:\programming\visualstudioprojects\keyhunt-cuda\keyhunt-cuda\x64\release\ripemd160.obj
e:\programming\visualstudioprojects\keyhunt-cuda\keyhunt-cuda\x64\release\gpugenerate.obj
e:\programming\visualstudioprojects\keyhunt-cuda\keyhunt-cuda\x64\release\bloom.obj
e:\programming\visualstudioprojects\keyhunt-cuda\keyhunt-cuda\x64\release\bech32.obj
e:\programming\visualstudioprojects\keyhunt-cuda\keyhunt-cuda\x64\release\base58.obj
e:\programming\visualstudioprojects\keyhunt-cuda\x64\release\keyhunt-cuda.lib
e:\programming\visualstudioprojects\keyhunt-cuda\x64\release\keyhunt-cuda.exp
e:\programming\visualstudioprojects\keyhunt-cuda\x64\release\keyhunt-cuda.ipdb
e:\programming\visualstudioprojects\keyhunt-cuda\x64\release\keyhunt-cuda.iobj
e:\programming\visualstudioprojects\keyhunt-cuda\x64\release\keyhunt-cuda.exe
e:\programming\visualstudioprojects\keyhunt-cuda\x64\release\keyhunt-cuda.pdb
e:\programming\visualstudioprojects\keyhunt-cuda\keyhunt-cuda\x64\release\gpuengine.cu.cache
e:\programming\visualstudioprojects\keyhunt-cuda\keyhunt-cuda\x64\release\gpuengine.cu.obj
e:\programming\visualstudioprojects\keyhunt-cuda\keyhunt-cuda\x64\release\keyhunt-cuda.tlog\cl.command.1.tlog
e:\programming\visualstudioprojects\keyhunt-cuda\keyhunt-cuda\x64\release\keyhunt-cuda.tlog\cl.read.1.tlog
e:\programming\visualstudioprojects\keyhunt-cuda\keyhunt-cuda\x64\release\keyhunt-cuda.tlog\cl.write.1.tlog
e:\programming\visualstudioprojects\keyhunt-cuda\keyhunt-cuda\x64\release\keyhunt-cuda.tlog\keyhunt-cuda.write.1u.tlog
e:\programming\visualstudioprojects\keyhunt-cuda\keyhunt-cuda\x64\release\keyhunt-cuda.tlog\link.command.1.tlog
e:\programming\visualstudioprojects\keyhunt-cuda\keyhunt-cuda\x64\release\keyhunt-cuda.tlog\link.read.1.tlog
e:\programming\visualstudioprojects\keyhunt-cuda\keyhunt-cuda\x64\release\keyhunt-cuda.tlog\link.write.1.tlog
